#! /cs/local/bin/vvp
:ivl_version "10.0 (stable)" "(v10_0)";
:ivl_delay_selection "TYPICAL";
:vpi_time_precision + 0;
:vpi_module "system";
:vpi_module "vhdl_sys";
:vpi_module "v2005_math";
:vpi_module "va_math";
S_0x19b9ce0 .scope module, "labK" "labK" 2 1;
 .timescale 0 0;
L_0x19fde60 .functor NOT 1, v0x19fda40_0, C4<0>, C4<0>, C4<0>;
L_0x19fdf20 .functor AND 1, v0x19b9e60_0, L_0x19fe020, C4<1>, C4<1>;
L_0x19fe020 .functor BUFZ 1, L_0x19fde60, C4<0>, C4<0>, C4<0>;
v0x19b9e60_0 .var "a", 0 0;
v0x19fda40_0 .var "b", 0 0;
v0x19fdb00_0 .var "flag", 0 0;
v0x19fdbd0_0 .net "lowerInput", 0 0, L_0x19fe020;  1 drivers
v0x19fdc90_0 .net "notOutput", 0 0, L_0x19fde60;  1 drivers
v0x19fdda0_0 .net "z", 0 0, L_0x19fdf20;  1 drivers
    .scope S_0x19b9ce0;
T_0 ;
    %vpi_func 2 10 "$value$plusargs" 32, "a=%b", v0x19b9e60_0 {0 0 0};
    %pad/u 1;
    %store/vec4 v0x19fdb00_0, 0, 1;
    %vpi_func 2 11 "$value$plusargs" 32, "b=%b", v0x19fda40_0 {0 0 0};
    %pad/u 1;
    %store/vec4 v0x19fdb00_0, 0, 1;
    %pushi/vec4 0, 0, 32;
    %load/vec4 v0x19b9e60_0;
    %pad/u 32;
    %cmp/u;
    %flag_get/vec4 4;
    %flag_get/vec4 5;
    %or;
    %pushi/vec4 0, 0, 32;
    %load/vec4 v0x19fda40_0;
    %pad/u 32;
    %cmp/u;
    %flag_get/vec4 4;
    %flag_get/vec4 5;
    %or;
    %and;
    %flag_set/vec4 8;
    %jmp/0xz  T_0.0, 8;
    %delay 1, 0;
    %vpi_call 2 13 "$display", "a=%b b=%b z=%b", v0x19b9e60_0, v0x19fda40_0, v0x19fdda0_0 {0 0 0};
    %jmp T_0.1;
T_0.0 ;
    %vpi_call 2 15 "$display", "An argument or arguments are missing!" {0 0 0};
T_0.1 ;
    %vpi_call 2 16 "$finish" {0 0 0};
    %end;
    .thread T_0;
# The file index is used to find the file name in the following table.
:file_names 3;
    "N/A";
    "<interactive>";
    "flag.v";
